[2023-08-25 13:53:45,427][LogUtil.py->info (line:79)]: [INFO]--- setup class ---
[2023-08-25 13:53:45,431][LogUtil.py->info (line:79)]: [INFO]--- setup ---
[2023-08-25 13:53:45,540][LogUtil.py->info (line:79)]: [INFO]--- teardown ---
[2023-08-25 13:53:45,542][LogUtil.py->info (line:79)]: [INFO]--- teardown_class ---
[2023-08-25 13:54:43,825][LogUtil.py->info (line:79)]: [INFO]--- setup class ---
[2023-08-25 13:54:43,834][LogUtil.py->info (line:79)]: [INFO]--- setup ---
[2023-08-25 13:54:44,045][LogUtil.py->info (line:79)]: [INFO]--- teardown ---
[2023-08-25 13:54:44,046][LogUtil.py->info (line:79)]: [INFO]--- teardown_class ---
[2023-08-25 14:34:13,793][LogUtil.py->info (line:79)]: [INFO]--- setup class ---
[2023-08-25 14:34:13,803][LogUtil.py->info (line:79)]: [INFO]--- setup ---
[2023-08-25 14:34:13,948][LogUtil.py->info (line:79)]: [INFO]--- teardown ---
[2023-08-25 14:34:13,957][LogUtil.py->info (line:79)]: [INFO]--- teardown_class ---
[2023-08-25 14:34:47,706][LogUtil.py->info (line:79)]: [INFO]--- setup class ---
[2023-08-25 14:34:47,712][LogUtil.py->info (line:79)]: [INFO]--- setup ---
[2023-08-25 14:34:47,829][LogUtil.py->info (line:79)]: [INFO]--- teardown ---
[2023-08-25 14:34:47,833][LogUtil.py->info (line:79)]: [INFO]--- setup ---
[2023-08-25 14:34:47,932][LogUtil.py->info (line:79)]: [INFO]--- teardown ---
[2023-08-25 14:34:47,940][LogUtil.py->info (line:79)]: [INFO]--- setup ---
[2023-08-25 14:34:48,070][LogUtil.py->info (line:79)]: [INFO]--- teardown ---
[2023-08-25 14:34:48,072][LogUtil.py->info (line:79)]: [INFO]--- teardown_class ---
[2023-08-25 16:08:48,300][LogUtil.py->info (line:79)]: [INFO]--- setup class ---
[2023-08-25 16:08:48,310][LogUtil.py->info (line:79)]: [INFO]--- setup ---
[2023-08-25 16:08:48,433][LogUtil.py->info (line:79)]: [INFO]--- teardown ---
[2023-08-25 16:08:48,439][LogUtil.py->info (line:79)]: [INFO]--- setup ---
[2023-08-25 16:08:48,552][LogUtil.py->info (line:79)]: [INFO]--- teardown ---
[2023-08-25 16:08:48,556][LogUtil.py->info (line:79)]: [INFO]--- setup ---
[2023-08-25 16:08:48,666][LogUtil.py->info (line:79)]: [INFO]--- teardown ---
[2023-08-25 16:08:48,668][LogUtil.py->info (line:79)]: [INFO]--- teardown_class ---
[2023-08-25 16:09:36,258][LogUtil.py->info (line:79)]: [INFO]--- setup class ---
[2023-08-25 16:09:36,270][LogUtil.py->info (line:79)]: [INFO]--- setup ---
[2023-08-25 16:09:36,391][LogUtil.py->info (line:79)]: [INFO]--- teardown ---
[2023-08-25 16:09:36,403][LogUtil.py->info (line:79)]: [INFO]--- setup ---
[2023-08-25 16:09:36,511][LogUtil.py->info (line:79)]: [INFO]--- teardown ---
[2023-08-25 16:09:36,518][LogUtil.py->info (line:79)]: [INFO]--- setup ---
[2023-08-25 16:09:36,627][LogUtil.py->debug (line:73)]: [DEBUG]{"status":"ERROR","description":"unexpected end of JSON input","data":{}}
[2023-08-25 16:09:36,628][LogUtil.py->info (line:79)]: [INFO]--- teardown ---
[2023-08-25 16:09:36,630][LogUtil.py->info (line:79)]: [INFO]--- teardown_class ---
[2023-08-25 16:11:32,574][LogUtil.py->info (line:79)]: [INFO]--- setup class ---
[2023-08-25 16:11:32,591][LogUtil.py->info (line:79)]: [INFO]--- setup ---
[2023-08-25 16:11:32,724][LogUtil.py->info (line:79)]: [INFO]--- teardown ---
[2023-08-25 16:11:32,737][LogUtil.py->info (line:79)]: [INFO]--- setup ---
[2023-08-25 16:11:32,839][LogUtil.py->info (line:79)]: [INFO]--- teardown ---
[2023-08-25 16:11:32,843][LogUtil.py->info (line:79)]: [INFO]--- setup ---
[2023-08-25 16:11:33,029][LogUtil.py->info (line:79)]: [INFO]--- teardown ---
[2023-08-25 16:11:33,030][LogUtil.py->info (line:79)]: [INFO]--- teardown_class ---
[2023-08-25 16:12:52,970][LogUtil.py->info (line:79)]: [INFO]--- setup class ---
[2023-08-25 16:12:52,982][LogUtil.py->info (line:79)]: [INFO]--- setup ---
[2023-08-25 16:12:53,117][LogUtil.py->info (line:79)]: [INFO]--- teardown ---
[2023-08-25 16:12:53,131][LogUtil.py->info (line:79)]: [INFO]--- setup ---
[2023-08-25 16:12:53,225][LogUtil.py->info (line:79)]: [INFO]--- teardown ---
[2023-08-25 16:12:53,229][LogUtil.py->info (line:79)]: [INFO]--- setup ---
[2023-08-25 16:12:53,371][LogUtil.py->info (line:79)]: [INFO]--- teardown ---
[2023-08-25 16:12:53,372][LogUtil.py->info (line:79)]: [INFO]--- teardown_class ---
[2023-08-25 16:14:08,308][LogUtil.py->info (line:79)]: [INFO]--- setup class ---
[2023-08-25 16:14:08,319][LogUtil.py->info (line:79)]: [INFO]--- setup ---
[2023-08-25 16:14:08,449][LogUtil.py->info (line:79)]: [INFO]--- teardown ---
[2023-08-25 16:14:08,461][LogUtil.py->info (line:79)]: [INFO]--- setup ---
[2023-08-25 16:14:08,548][LogUtil.py->info (line:79)]: [INFO]--- teardown ---
[2023-08-25 16:14:08,552][LogUtil.py->info (line:79)]: [INFO]--- setup ---
[2023-08-25 16:14:08,718][LogUtil.py->info (line:79)]: [INFO]--- teardown ---
[2023-08-25 16:14:08,719][LogUtil.py->info (line:79)]: [INFO]--- teardown_class ---
[2023-08-25 16:14:53,336][LogUtil.py->info (line:79)]: [INFO]--- setup class ---
[2023-08-25 16:14:53,345][LogUtil.py->info (line:79)]: [INFO]--- setup ---
[2023-08-25 16:14:53,477][LogUtil.py->info (line:79)]: [INFO]--- teardown ---
[2023-08-25 16:14:53,489][LogUtil.py->info (line:79)]: [INFO]--- setup ---
[2023-08-25 16:14:53,596][LogUtil.py->info (line:79)]: [INFO]--- teardown ---
[2023-08-25 16:14:53,607][LogUtil.py->info (line:79)]: [INFO]--- setup ---
[2023-08-25 16:14:53,724][LogUtil.py->debug (line:73)]: [DEBUG]{"status":"ERROR","description":"unexpected end of JSON input","data":{}}
[2023-08-25 16:14:53,729][LogUtil.py->info (line:79)]: [INFO]--- teardown ---
[2023-08-25 16:14:53,733][LogUtil.py->info (line:79)]: [INFO]--- teardown_class ---
[2023-08-25 16:16:35,447][LogUtil.py->info (line:79)]: [INFO]--- setup class ---
[2023-08-25 16:16:35,458][LogUtil.py->info (line:79)]: [INFO]--- setup ---
[2023-08-25 16:17:23,151][LogUtil.py->debug (line:73)]: [DEBUG]{"status":"ERROR","description":"unexpected end of JSON input","data":{}}
[2023-08-25 16:17:32,383][LogUtil.py->info (line:79)]: [INFO]--- teardown ---
[2023-08-25 16:17:32,400][LogUtil.py->info (line:79)]: [INFO]--- teardown_class ---
[2023-08-25 16:18:45,207][LogUtil.py->info (line:79)]: [INFO]--- setup class ---
[2023-08-25 16:18:45,228][LogUtil.py->info (line:79)]: [INFO]--- setup ---
[2023-08-25 16:18:45,397][LogUtil.py->debug (line:73)]: [DEBUG]{"status":"ERROR","description":"unexpected end of JSON input","data":{}}
[2023-08-25 16:18:45,398][LogUtil.py->info (line:79)]: [INFO]--- teardown ---
[2023-08-25 16:18:45,400][LogUtil.py->info (line:79)]: [INFO]--- teardown_class ---
[2023-08-25 16:18:50,706][LogUtil.py->info (line:79)]: [INFO]--- setup class ---
[2023-08-25 16:18:50,717][LogUtil.py->info (line:79)]: [INFO]--- setup ---
[2023-08-25 16:20:02,656][LogUtil.py->debug (line:73)]: [DEBUG]{"status":"ERROR","description":"unexpected end of JSON input","data":{}}
[2023-08-25 16:20:14,448][LogUtil.py->info (line:79)]: [INFO]--- teardown ---
[2023-08-25 16:20:14,450][LogUtil.py->info (line:79)]: [INFO]--- teardown_class ---
[2023-08-25 16:20:18,618][LogUtil.py->info (line:79)]: [INFO]--- setup class ---
[2023-08-25 16:20:18,632][LogUtil.py->info (line:79)]: [INFO]--- setup ---
[2023-08-25 16:20:39,056][LogUtil.py->debug (line:73)]: [DEBUG]{"status":"ERROR","description":"unexpected end of JSON input","data":{}}
[2023-08-25 16:20:39,079][LogUtil.py->info (line:79)]: [INFO]--- teardown ---
[2023-08-25 16:20:39,093][LogUtil.py->info (line:79)]: [INFO]--- teardown_class ---
[2023-08-25 16:20:46,516][LogUtil.py->info (line:79)]: [INFO]--- setup class ---
[2023-08-25 16:20:46,528][LogUtil.py->info (line:79)]: [INFO]--- setup ---
[2023-08-25 16:20:57,576][LogUtil.py->info (line:79)]: [INFO]--- teardown ---
[2023-08-25 16:20:57,577][LogUtil.py->info (line:79)]: [INFO]--- teardown_class ---
[2023-08-25 16:21:02,756][LogUtil.py->info (line:79)]: [INFO]--- setup class ---
[2023-08-25 16:21:02,767][LogUtil.py->info (line:79)]: [INFO]--- setup ---
[2023-08-25 16:59:06,274][LogUtil.py->info (line:79)]: [INFO]--- teardown ---
[2023-08-25 16:59:06,279][LogUtil.py->info (line:79)]: [INFO]--- teardown_class ---
[2023-08-25 16:59:10,245][LogUtil.py->info (line:79)]: [INFO]--- setup class ---
[2023-08-25 16:59:10,254][LogUtil.py->info (line:79)]: [INFO]--- setup ---
[2023-08-25 16:59:10,348][LogUtil.py->debug (line:73)]: [DEBUG]{"status":"ERROR","description":"unexpected end of JSON input","data":{}}
[2023-08-25 16:59:10,349][LogUtil.py->info (line:79)]: [INFO]--- teardown ---
[2023-08-25 16:59:10,350][LogUtil.py->info (line:79)]: [INFO]--- teardown_class ---
[2023-08-25 17:02:29,631][LogUtil.py->info (line:79)]: [INFO]--- setup class ---
[2023-08-25 17:02:29,644][LogUtil.py->info (line:79)]: [INFO]--- setup ---
[2023-08-25 17:02:29,769][LogUtil.py->info (line:79)]: [INFO]--- teardown ---
[2023-08-25 17:02:29,784][LogUtil.py->info (line:79)]: [INFO]--- setup ---
[2023-08-25 17:02:29,884][LogUtil.py->info (line:79)]: [INFO]--- teardown ---
[2023-08-25 17:02:29,892][LogUtil.py->info (line:79)]: [INFO]--- setup ---
[2023-08-25 17:02:29,993][LogUtil.py->debug (line:73)]: [DEBUG]{"status":"ERROR","description":"unexpected end of JSON input","data":{}}
[2023-08-25 17:02:29,995][LogUtil.py->info (line:79)]: [INFO]--- teardown ---
[2023-08-25 17:02:29,996][LogUtil.py->info (line:79)]: [INFO]--- teardown_class ---
[2023-08-25 17:02:57,218][LogUtil.py->info (line:79)]: [INFO]--- setup class ---
[2023-08-25 17:02:57,230][LogUtil.py->info (line:79)]: [INFO]--- setup ---
[2023-08-25 17:02:57,394][LogUtil.py->info (line:79)]: [INFO]--- teardown ---
[2023-08-25 17:02:57,398][LogUtil.py->info (line:79)]: [INFO]--- setup ---
[2023-08-25 17:02:57,498][LogUtil.py->info (line:79)]: [INFO]--- teardown ---
[2023-08-25 17:02:57,509][LogUtil.py->info (line:79)]: [INFO]--- setup ---
[2023-08-25 17:02:57,596][LogUtil.py->debug (line:73)]: [DEBUG]{"status":"ERROR","description":"unexpected end of JSON input","data":{}}
[2023-08-25 17:02:57,597][LogUtil.py->info (line:79)]: [INFO]--- teardown ---
[2023-08-25 17:02:57,598][LogUtil.py->info (line:79)]: [INFO]--- teardown_class ---
[2023-08-25 17:03:30,906][LogUtil.py->info (line:79)]: [INFO]--- setup class ---
[2023-08-25 17:03:30,917][LogUtil.py->info (line:79)]: [INFO]--- setup ---
[2023-08-25 17:03:31,361][LogUtil.py->info (line:79)]: [INFO]--- teardown ---
[2023-08-25 17:03:31,383][LogUtil.py->info (line:79)]: [INFO]--- setup ---
[2023-08-25 17:03:31,489][LogUtil.py->info (line:79)]: [INFO]--- teardown ---
[2023-08-25 17:03:31,498][LogUtil.py->info (line:79)]: [INFO]--- setup ---
[2023-08-25 17:03:31,617][LogUtil.py->debug (line:73)]: [DEBUG]{"status":"ERROR","description":"unexpected end of JSON input","data":{}}
[2023-08-25 17:03:31,618][LogUtil.py->info (line:79)]: [INFO]--- teardown ---
[2023-08-25 17:03:31,622][LogUtil.py->info (line:79)]: [INFO]--- teardown_class ---
[2023-08-25 17:03:59,882][LogUtil.py->info (line:79)]: [INFO]--- setup class ---
[2023-08-25 17:03:59,890][LogUtil.py->info (line:79)]: [INFO]--- setup ---
[2023-08-25 17:04:00,021][LogUtil.py->info (line:79)]: [INFO]--- teardown ---
[2023-08-25 17:04:00,031][LogUtil.py->info (line:79)]: [INFO]--- setup ---
[2023-08-25 17:04:00,122][LogUtil.py->info (line:79)]: [INFO]--- teardown ---
[2023-08-25 17:04:00,136][LogUtil.py->info (line:79)]: [INFO]--- setup ---
[2023-08-25 17:04:00,233][LogUtil.py->debug (line:73)]: [DEBUG]{"status":"ERROR","description":"unexpected end of JSON input","data":{}}
[2023-08-25 17:04:00,234][LogUtil.py->info (line:79)]: [INFO]--- teardown ---
[2023-08-25 17:04:00,235][LogUtil.py->info (line:79)]: [INFO]--- teardown_class ---
[2023-08-25 17:04:14,055][LogUtil.py->info (line:79)]: [INFO]--- setup class ---
[2023-08-25 17:04:14,064][LogUtil.py->info (line:79)]: [INFO]--- setup ---
[2023-08-25 17:04:14,187][LogUtil.py->info (line:79)]: [INFO]--- teardown ---
[2023-08-25 17:04:14,197][LogUtil.py->info (line:79)]: [INFO]--- setup ---
[2023-08-25 17:04:14,282][LogUtil.py->info (line:79)]: [INFO]--- teardown ---
[2023-08-25 17:04:14,287][LogUtil.py->info (line:79)]: [INFO]--- setup ---
[2023-08-25 17:04:14,373][LogUtil.py->debug (line:73)]: [DEBUG]{"status":"ERROR","description":"unexpected end of JSON input","data":{}}
[2023-08-25 17:04:14,374][LogUtil.py->info (line:79)]: [INFO]--- teardown ---
[2023-08-25 17:04:14,375][LogUtil.py->info (line:79)]: [INFO]--- teardown_class ---
[2023-08-25 17:05:19,036][LogUtil.py->info (line:79)]: [INFO]--- setup class ---
[2023-08-25 17:05:19,049][LogUtil.py->info (line:79)]: [INFO]--- setup ---
[2023-08-25 17:05:19,184][LogUtil.py->info (line:79)]: [INFO]--- teardown ---
[2023-08-25 17:05:19,201][LogUtil.py->info (line:79)]: [INFO]--- setup ---
[2023-08-25 17:05:19,296][LogUtil.py->info (line:79)]: [INFO]--- teardown ---
[2023-08-25 17:05:19,299][LogUtil.py->info (line:79)]: [INFO]--- setup ---
[2023-08-25 17:05:19,392][LogUtil.py->debug (line:73)]: [DEBUG]{"status":"ERROR","description":"unexpected end of JSON input","data":{}}
[2023-08-25 17:05:19,394][LogUtil.py->info (line:79)]: [INFO]--- teardown ---
[2023-08-25 17:05:19,396][LogUtil.py->info (line:79)]: [INFO]--- teardown_class ---
[2023-08-25 17:05:43,785][LogUtil.py->info (line:79)]: [INFO]--- setup class ---
[2023-08-25 17:05:43,801][LogUtil.py->info (line:79)]: [INFO]--- setup ---
[2023-08-25 17:05:43,917][LogUtil.py->info (line:79)]: [INFO]--- teardown ---
[2023-08-25 17:05:43,925][LogUtil.py->info (line:79)]: [INFO]--- setup ---
[2023-08-25 17:05:44,014][LogUtil.py->info (line:79)]: [INFO]--- teardown ---
[2023-08-25 17:05:44,024][LogUtil.py->info (line:79)]: [INFO]--- setup ---
[2023-08-25 17:05:44,118][LogUtil.py->debug (line:73)]: [DEBUG]{"status":"ERROR","description":"unexpected end of JSON input","data":{}}
[2023-08-25 17:05:44,119][LogUtil.py->info (line:79)]: [INFO]--- teardown ---
[2023-08-25 17:05:44,120][LogUtil.py->info (line:79)]: [INFO]--- teardown_class ---
[2023-08-25 17:06:23,489][LogUtil.py->info (line:79)]: [INFO]--- setup class ---
[2023-08-25 17:06:23,499][LogUtil.py->info (line:79)]: [INFO]--- setup ---
[2023-08-25 17:06:23,600][LogUtil.py->debug (line:73)]: [DEBUG]{"status":"ERROR","description":"unexpected end of JSON input","data":{}}
[2023-08-25 17:06:23,601][LogUtil.py->info (line:79)]: [INFO]--- teardown ---
[2023-08-25 17:06:23,602][LogUtil.py->info (line:79)]: [INFO]--- teardown_class ---
[2023-08-25 17:06:37,755][LogUtil.py->info (line:79)]: [INFO]--- setup class ---
[2023-08-25 17:06:37,769][LogUtil.py->info (line:79)]: [INFO]--- setup ---
[2023-08-25 17:06:37,889][LogUtil.py->info (line:79)]: [INFO]--- teardown ---
[2023-08-25 17:06:37,901][LogUtil.py->info (line:79)]: [INFO]--- setup ---
[2023-08-25 17:06:37,994][LogUtil.py->info (line:79)]: [INFO]--- teardown ---
[2023-08-25 17:06:37,997][LogUtil.py->info (line:79)]: [INFO]--- setup ---
[2023-08-25 17:06:38,087][LogUtil.py->debug (line:73)]: [DEBUG]{"status":"ERROR","description":"unexpected end of JSON input","data":{}}
[2023-08-25 17:06:38,088][LogUtil.py->info (line:79)]: [INFO]--- teardown ---
[2023-08-25 17:06:38,089][LogUtil.py->info (line:79)]: [INFO]--- teardown_class ---
[2023-08-25 21:12:44,964][LogUtil.py->info (line:79)]: [INFO]--- setup class ---
[2023-08-25 21:12:44,980][LogUtil.py->info (line:79)]: [INFO]--- setup ---
[2023-08-25 21:13:01,031][LogUtil.py->info (line:79)]: [INFO]--- teardown ---
[2023-08-25 21:13:01,033][LogUtil.py->info (line:79)]: [INFO]--- teardown_class ---
